# JRE version: OpenJDK Runtime Environment Temurin-21.0.10+7 (21.0.10+7) (build 21.0.10+7-LTS)
# Java VM: OpenJDK 64-Bit Server VM Temurin-21.0.10+7 (21.0.10+7-LTS, mixed mode, sharing, tiered, compressed oops, compressed class ptrs, parallel gc, windows-amd64)
GC Precious Log:
 CardTable entry size: 512
 CPUs: 12 total, 12 available
 Memory: 16016M
 Large Page Support: Disabled
 NUMA Support: Disabled
 Compressed Oops: Enabled (32-bit)
 Alignments: Space 512K, Generation 512K, Heap 2M
 Heap Min Capacity: 100M
 Heap Initial Capacity: 100M
 Heap Max Capacity: 2G
 Pre-touch: Disabled
 Parallel Workers: 10
Heap:
 PSYoungGen      total 75264K, used 44569K [0x00000000d5580000, 0x00000000db000000, 0x0000000100000000)
  eden space 67072K, 54% used [0x00000000d5580000,0x00000000d7946498,0x00000000d9700000)
  from space 8192K, 96% used [0x00000000da800000,0x00000000dafc0010,0x00000000db000000)
  to   space 12288K, 0% used [0x00000000d9800000,0x00000000d9800000,0x00000000da400000)
 ParOldGen       total 1356800K, used 869067K [0x0000000080000000, 0x00000000d2d00000, 0x00000000d5580000)
  object space 1356800K, 64% used [0x0000000080000000,0x00000000b50b2da8,0x00000000d2d00000)
 Metaspace       used 88635K, committed 90624K, reserved 1179648K
  class space    used 8658K, committed 9600K, reserved 1048576K
GC Heap History (20 events):
Event: 29076.922 GC heap before
{Heap before GC invocations=3145 (full 6):
 PSYoungGen      total 32768K, used 32375K [0x00000000d5580000, 0x00000000d8f80000, 0x0000000100000000)
  eden space 29184K, 100% used [0x00000000d5580000,0x00000000d7200000,0x00000000d7200000)
  from space 3584K, 89% used [0x00000000d8c00000,0x00000000d8f1de90,0x00000000d8f80000)
  to   space 5120K, 0% used [0x00000000d8580000,0x00000000d8580000,0x00000000d8a80000)
 ParOldGen       total 1356800K, used 809352K [0x0000000080000000, 0x00000000d2d00000, 0x00000000d5580000)
  object space 1356800K, 59% used [0x0000000080000000,0x00000000b16623e0,0x00000000d2d00000)
 Metaspace       used 88591K, committed 90560K, reserved 1179648K
  class space    used 8658K, committed 9600K, reserved 1048576K
}
Event: 29076.941 GC heap after
{Heap after GC invocations=3145 (full 6):
 PSYoungGen      total 33792K, used 5096K [0x00000000d5580000, 0x00000000d8c80000, 0x0000000100000000)
  eden space 28672K, 0% used [0x00000000d5580000,0x00000000d5580000,0x00000000d7180000)
  from space 5120K, 99% used [0x00000000d8580000,0x00000000d8a7a358,0x00000000d8a80000)
  to   space 2048K, 0% used [0x00000000d8a80000,0x00000000d8a80000,0x00000000d8c80000)
 ParOldGen       total 1356800K, used 812924K [0x0000000080000000, 0x00000000d2d00000, 0x00000000d5580000)
  object space 1356800K, 59% used [0x0000000080000000,0x00000000b19df2e0,0x00000000d2d00000)
 Metaspace       used 88591K, committed 90560K, reserved 1179648K
  class space    used 8658K, committed 9600K, reserved 1048576K
}
Event: 29077.095 GC heap before
{Heap before GC invocations=3146 (full 6):
 PSYoungGen      total 33792K, used 28814K [0x00000000d5580000, 0x00000000d8c80000, 0x0000000100000000)
  eden space 28672K, 82% used [0x00000000d5580000,0x00000000d6ca9828,0x00000000d7180000)
  from space 5120K, 99% used [0x00000000d8580000,0x00000000d8a7a358,0x00000000d8a80000)
  to   space 2048K, 0% used [0x00000000d8a80000,0x00000000d8a80000,0x00000000d8c80000)
 ParOldGen       total 1356800K, used 812924K [0x0000000080000000, 0x00000000d2d00000, 0x00000000d5580000)
  object space 1356800K, 59% used [0x0000000080000000,0x00000000b19df2e0,0x00000000d2d00000)
 Metaspace       used 88594K, committed 90560K, reserved 1179648K
  class space    used 8658K, committed 9600K, reserved 1048576K
}
Event: 29077.141 GC heap after
{Heap after GC invocations=3146 (full 6):
 PSYoungGen      total 30208K, used 1975K [0x00000000d5580000, 0x00000000d8c80000, 0x0000000100000000)
  eden space 28160K, 0% used [0x00000000d5580000,0x00000000d5580000,0x00000000d7100000)
  from space 2048K, 96% used [0x00000000d8a80000,0x00000000d8c6ddf0,0x00000000d8c80000)
  to   space 4608K, 0% used [0x00000000d8380000,0x00000000d8380000,0x00000000d8800000)
 ParOldGen       total 1356800K, used 823805K [0x0000000080000000, 0x00000000d2d00000, 0x00000000d5580000)
  object space 1356800K, 60% used [0x0000000080000000,0x00000000b247f5a0,0x00000000d2d00000)
 Metaspace       used 88594K, committed 90560K, reserved 1179648K
  class space    used 8658K, committed 9600K, reserved 1048576K
}
Event: 29077.147 GC heap before
{Heap before GC invocations=3147 (full 6):
 PSYoungGen      total 30208K, used 25113K [0x00000000d5580000, 0x00000000d8c80000, 0x0000000100000000)
  eden space 28160K, 82% used [0x00000000d5580000,0x00000000d6c18900,0x00000000d7100000)
  from space 2048K, 96% used [0x00000000d8a80000,0x00000000d8c6ddf0,0x00000000d8c80000)
  to   space 4608K, 0% used [0x00000000d8380000,0x00000000d8380000,0x00000000d8800000)
 ParOldGen       total 1356800K, used 823805K [0x0000000080000000, 0x00000000d2d00000, 0x00000000d5580000)
  object space 1356800K, 60% used [0x0000000080000000,0x00000000b247f5a0,0x00000000d2d00000)
 Metaspace       used 88594K, committed 90560K, reserved 1179648K
  class space    used 8658K, committed 9600K, reserved 1048576K
}
Event: 29077.155 GC heap after
{Heap after GC invocations=3147 (full 6):
 PSYoungGen      total 38400K, used 240K [0x00000000d5580000, 0x00000000d8b00000, 0x0000000100000000)
  eden space 33792K, 0% used [0x00000000d5580000,0x00000000d5580000,0x00000000d7680000)
  from space 4608K, 5% used [0x00000000d8380000,0x00000000d83bc010,0x00000000d8800000)
  to   space 1536K, 0% used [0x00000000d8980000,0x00000000d8980000,0x00000000d8b00000)
 ParOldGen       total 1356800K, used 825621K [0x0000000080000000, 0x00000000d2d00000, 0x00000000d5580000)
  object space 1356800K, 60% used [0x0000000080000000,0x00000000b2645478,0x00000000d2d00000)
 Metaspace       used 88594K, committed 90560K, reserved 1179648K
  class space    used 8658K, committed 9600K, reserved 1048576K
}
Event: 29077.162 GC heap before
{Heap before GC invocations=3148 (full 6):
 PSYoungGen      total 38400K, used 31272K [0x00000000d5580000, 0x00000000d8b00000, 0x0000000100000000)
  eden space 33792K, 91% used [0x00000000d5580000,0x00000000d73ce258,0x00000000d7680000)
  from space 4608K, 5% used [0x00000000d8380000,0x00000000d83bc010,0x00000000d8800000)
  to   space 1536K, 0% used [0x00000000d8980000,0x00000000d8980000,0x00000000d8b00000)
 ParOldGen       total 1356800K, used 825621K [0x0000000080000000, 0x00000000d2d00000, 0x00000000d5580000)
  object space 1356800K, 60% used [0x0000000080000000,0x00000000b2645478,0x00000000d2d00000)
 Metaspace       used 88594K, committed 90560K, reserved 1179648K
  class space    used 8658K, committed 9600K, reserved 1048576K
}
Event: 29077.163 GC heap after
{Heap after GC invocations=3148 (full 6):
 PSYoungGen      total 41472K, used 256K [0x00000000d5580000, 0x00000000d8a00000, 0x0000000100000000)
  eden space 40960K, 0% used [0x00000000d5580000,0x00000000d5580000,0x00000000d7d80000)
  from space 512K, 50% used [0x00000000d8980000,0x00000000d89c0000,0x00000000d8a00000)
  to   space 512K, 0% used [0x00000000d8900000,0x00000000d8900000,0x00000000d8980000)
 ParOldGen       total 1356800K, used 825661K [0x0000000080000000, 0x00000000d2d00000, 0x00000000d5580000)
  object space 1356800K, 60% used [0x0000000080000000,0x00000000b264f478,0x00000000d2d00000)
 Metaspace       used 88594K, committed 90560K, reserved 1179648K
  class space    used 8658K, committed 9600K, reserved 1048576K
}
Event: 29077.172 GC heap before
{Heap before GC invocations=3149 (full 6):
 PSYoungGen      total 41472K, used 39186K [0x00000000d5580000, 0x00000000d8a00000, 0x0000000100000000)
  eden space 40960K, 95% used [0x00000000d5580000,0x00000000d7b84b88,0x00000000d7d80000)
  from space 512K, 50% used [0x00000000d8980000,0x00000000d89c0000,0x00000000d8a00000)
  to   space 512K, 0% used [0x00000000d8900000,0x00000000d8900000,0x00000000d8980000)
 ParOldGen       total 1356800K, used 825661K [0x0000000080000000, 0x00000000d2d00000, 0x00000000d5580000)
  object space 1356800K, 60% used [0x0000000080000000,0x00000000b264f478,0x00000000d2d00000)
 Metaspace       used 88594K, committed 90560K, reserved 1179648K
  class space    used 8658K, committed 9600K, reserved 1048576K
}
Event: 29077.203 GC heap after
{Heap after GC invocations=3149 (full 6):
 PSYoungGen      total 49664K, used 192K [0x00000000d5580000, 0x00000000d8a00000, 0x0000000100000000)
  eden space 49152K, 0% used [0x00000000d5580000,0x00000000d5580000,0x00000000d8580000)
  from space 512K, 37% used [0x00000000d8900000,0x00000000d8930000,0x00000000d8980000)
  to   space 512K, 0% used [0x00000000d8980000,0x00000000d8980000,0x00000000d8a00000)
 ParOldGen       total 1356800K, used 833381K [0x0000000080000000, 0x00000000d2d00000, 0x00000000d5580000)
  object space 1356800K, 61% used [0x0000000080000000,0x00000000b2dd9488,0x00000000d2d00000)
 Metaspace       used 88594K, committed 90560K, reserved 1179648K
  class space    used 8658K, committed 9600K, reserved 1048576K
}
Event: 29082.958 GC heap before
{Heap before GC invocations=3150 (full 6):
 PSYoungGen      total 49664K, used 49344K [0x00000000d5580000, 0x00000000d8a00000, 0x0000000100000000)
  eden space 49152K, 100% used [0x00000000d5580000,0x00000000d8580000,0x00000000d8580000)
  from space 512K, 37% used [0x00000000d8900000,0x00000000d8930000,0x00000000d8980000)
  to   space 512K, 0% used [0x00000000d8980000,0x00000000d8980000,0x00000000d8a00000)
 ParOldGen       total 1356800K, used 833381K [0x0000000080000000, 0x00000000d2d00000, 0x00000000d5580000)
  object space 1356800K, 61% used [0x0000000080000000,0x00000000b2dd9488,0x00000000d2d00000)
 Metaspace       used 88616K, committed 90624K, reserved 1179648K
  class space    used 8658K, committed 9600K, reserved 1048576K
}
Event: 29082.977 GC heap after
{Heap after GC invocations=3150 (full 6):
 PSYoungGen      total 45056K, used 512K [0x00000000d5580000, 0x00000000da080000, 0x0000000100000000)
  eden space 44544K, 0% used [0x00000000d5580000,0x00000000d5580000,0x00000000d8100000)
  from space 512K, 100% used [0x00000000d8980000,0x00000000d8a00000,0x00000000d8a00000)
  to   space 8704K, 0% used [0x00000000d8100000,0x00000000d8100000,0x00000000d8980000)
 ParOldGen       total 1356800K, used 840036K [0x0000000080000000, 0x00000000d2d00000, 0x00000000d5580000)
  object space 1356800K, 61% used [0x0000000080000000,0x00000000b3459328,0x00000000d2d00000)
 Metaspace       used 88616K, committed 90624K, reserved 1179648K
  class space    used 8658K, committed 9600K, reserved 1048576K
}
Event: 29083.131 GC heap before
{Heap before GC invocations=3151 (full 6):
 PSYoungGen      total 45056K, used 45056K [0x00000000d5580000, 0x00000000da080000, 0x0000000100000000)
  eden space 44544K, 100% used [0x00000000d5580000,0x00000000d8100000,0x00000000d8100000)
  from space 512K, 100% used [0x00000000d8980000,0x00000000d8a00000,0x00000000d8a00000)
  to   space 8704K, 0% used [0x00000000d8100000,0x00000000d8100000,0x00000000d8980000)
 ParOldGen       total 1356800K, used 840036K [0x0000000080000000, 0x00000000d2d00000, 0x00000000d5580000)
  object space 1356800K, 61% used [0x0000000080000000,0x00000000b3459328,0x00000000d2d00000)
 Metaspace       used 88621K, committed 90624K, reserved 1179648K
  class space    used 8658K, committed 9600K, reserved 1048576K
}
Event: 29083.174 GC heap after
{Heap after GC invocations=3151 (full 6):
 PSYoungGen      total 53248K, used 8700K [0x00000000d5580000, 0x00000000db800000, 0x0000000100000000)
  eden space 44544K, 0% used [0x00000000d5580000,0x00000000d5580000,0x00000000d8100000)
  from space 8704K, 99% used [0x00000000d8100000,0x00000000d897f0b0,0x00000000d8980000)
  to   space 23552K, 0% used [0x00000000da100000,0x00000000da100000,0x00000000db800000)
 ParOldGen       total 1356800K, used 851813K [0x0000000080000000, 0x00000000d2d00000, 0x00000000d5580000)
  object space 1356800K, 62% used [0x0000000080000000,0x00000000b3fd9700,0x00000000d2d00000)
 Metaspace       used 88621K, committed 90624K, reserved 1179648K
  class space    used 8658K, committed 9600K, reserved 1048576K
}
Event: 29083.328 GC heap before
{Heap before GC invocations=3152 (full 6):
 PSYoungGen      total 53248K, used 42439K [0x00000000d5580000, 0x00000000db800000, 0x0000000100000000)
  eden space 44544K, 75% used [0x00000000d5580000,0x00000000d7672e18,0x00000000d8100000)
  from space 8704K, 99% used [0x00000000d8100000,0x00000000d897f0b0,0x00000000d8980000)
  to   space 23552K, 0% used [0x00000000da100000,0x00000000da100000,0x00000000db800000)
 ParOldGen       total 1356800K, used 851813K [0x0000000080000000, 0x00000000d2d00000, 0x00000000d5580000)
  object space 1356800K, 62% used [0x0000000080000000,0x00000000b3fd9700,0x00000000d2d00000)
 Metaspace       used 88628K, committed 90624K, reserved 1179648K
  class space    used 8658K, committed 9600K, reserved 1048576K
}
Event: 29083.354 GC heap after
{Heap after GC invocations=3152 (full 6):
 PSYoungGen      total 74240K, used 20337K [0x00000000d5580000, 0x00000000db500000, 0x0000000100000000)
  eden space 53760K, 0% used [0x00000000d5580000,0x00000000d5580000,0x00000000d8a00000)
  from space 20480K, 99% used [0x00000000da100000,0x00000000db4dc670,0x00000000db500000)
  to   space 20992K, 0% used [0x00000000d8c00000,0x00000000d8c00000,0x00000000da080000)
 ParOldGen       total 1356800K, used 856437K [0x0000000080000000, 0x00000000d2d00000, 0x00000000d5580000)
  object space 1356800K, 63% used [0x0000000080000000,0x00000000b445d700,0x00000000d2d00000)
 Metaspace       used 88628K, committed 90624K, reserved 1179648K
  class space    used 8658K, committed 9600K, reserved 1048576K
}
Event: 29083.363 GC heap before
{Heap before GC invocations=3153 (full 6):
 PSYoungGen      total 74240K, used 63430K [0x00000000d5580000, 0x00000000db500000, 0x0000000100000000)
  eden space 53760K, 80% used [0x00000000d5580000,0x00000000d7f952f0,0x00000000d8a00000)
  from space 20480K, 99% used [0x00000000da100000,0x00000000db4dc670,0x00000000db500000)
  to   space 20992K, 0% used [0x00000000d8c00000,0x00000000d8c00000,0x00000000da080000)
 ParOldGen       total 1356800K, used 856437K [0x0000000080000000, 0x00000000d2d00000, 0x00000000d5580000)
  object space 1356800K, 63% used [0x0000000080000000,0x00000000b445d700,0x00000000d2d00000)
 Metaspace       used 88628K, committed 90624K, reserved 1179648K
  class space    used 8658K, committed 9600K, reserved 1048576K
}
Event: 29083.408 GC heap after
{Heap after GC invocations=3153 (full 6):
 PSYoungGen      total 76800K, used 19376K [0x00000000d5580000, 0x00000000dbb80000, 0x0000000100000000)
  eden space 55808K, 0% used [0x00000000d5580000,0x00000000d5580000,0x00000000d8c00000)
  from space 20992K, 92% used [0x00000000d8c00000,0x00000000d9eec030,0x00000000da080000)
  to   space 19968K, 0% used [0x00000000da800000,0x00000000da800000,0x00000000dbb80000)
 ParOldGen       total 1356800K, used 869051K [0x0000000080000000, 0x00000000d2d00000, 0x00000000d5580000)
  object space 1356800K, 64% used [0x0000000080000000,0x00000000b50aeda8,0x00000000d2d00000)
 Metaspace       used 88628K, committed 90624K, reserved 1179648K
  class space    used 8658K, committed 9600K, reserved 1048576K
}
Event: 29083.417 GC heap before
{Heap before GC invocations=3154 (full 6):
 PSYoungGen      total 76800K, used 70628K [0x00000000d5580000, 0x00000000dbb80000, 0x0000000100000000)
  eden space 55808K, 91% used [0x00000000d5580000,0x00000000d878d240,0x00000000d8c00000)
  from space 20992K, 92% used [0x00000000d8c00000,0x00000000d9eec030,0x00000000da080000)
  to   space 19968K, 0% used [0x00000000da800000,0x00000000da800000,0x00000000dbb80000)
 ParOldGen       total 1356800K, used 869051K [0x0000000080000000, 0x00000000d2d00000, 0x00000000d5580000)
  object space 1356800K, 64% used [0x0000000080000000,0x00000000b50aeda8,0x00000000d2d00000)
 Metaspace       used 88628K, committed 90624K, reserved 1179648K
  class space    used 8658K, committed 9600K, reserved 1048576K
}
Event: 29083.423 GC heap after
{Heap after GC invocations=3154 (full 6):
 PSYoungGen      total 75264K, used 7936K [0x00000000d5580000, 0x00000000db000000, 0x0000000100000000)
  eden space 67072K, 0% used [0x00000000d5580000,0x00000000d5580000,0x00000000d9700000)
  from space 8192K, 96% used [0x00000000da800000,0x00000000dafc0010,0x00000000db000000)
  to   space 12288K, 0% used [0x00000000d9800000,0x00000000d9800000,0x00000000da400000)
 ParOldGen       total 1356800K, used 869067K [0x0000000080000000, 0x00000000d2d00000, 0x00000000d5580000)
  object space 1356800K, 64% used [0x0000000080000000,0x00000000b50b2da8,0x00000000d2d00000)
 Metaspace       used 88628K, committed 90624K, reserved 1179648K
  class space    used 8658K, committed 9600K, reserved 1048576K
}

